android/build/intermediates/manifest_merge_blame_file/debug/manifest-merger-blame-debug-report.txt
1<?xml version="1.0" encoding="utf-8"?>
2<manifest xmlns:android="http://schemas.android.com/apk/res/android"
3    package="gautambverma.gdx.games"
4    android:versionCode="1"
5    android:versionName="1.0" >
6
7    <uses-sdk
8        android:minSdkVersion="21"
9        android:targetSdkVersion="35" />
10
11    <uses-permission android:name="android.permission.WAKE_LOCK" />
11-->src/main/AndroidManifest.xml:3:5-68
11-->src/main/AndroidManifest.xml:3:22-65
12
13    <uses-feature
13-->[com.badlogicgames.gdx:gdx-backend-android:1.12.1] AndroidManifest.xml:9:5-11:35
14        android:glEsVersion="0x00020000"
14-->[com.badlogicgames.gdx:gdx-backend-android:1.12.1] AndroidManifest.xml:10:9-41
15        android:required="true" />
15-->[com.badlogicgames.gdx:gdx-backend-android:1.12.1] AndroidManifest.xml:11:9-32
16
17    <application
17-->src/main/AndroidManifest.xml:5:5-20:19
18        android:allowBackup="true"
18-->src/main/AndroidManifest.xml:6:9-35
19        android:debuggable="true"
20        android:extractNativeLibs="true"
21        android:icon="@drawable/ic_launcher"
21-->src/main/AndroidManifest.xml:7:9-45
22        android:label="@string/app_name"
22-->src/main/AndroidManifest.xml:8:9-41
23        android:theme="@style/GdxTheme" >
23-->src/main/AndroidManifest.xml:9:9-40
24        <activity
24-->src/main/AndroidManifest.xml:10:9-19:20
25            android:name="gautambverma.gdx.android.AndroidLauncher"
25-->src/main/AndroidManifest.xml:11:13-68
26            android:configChanges="keyboard|keyboardHidden|orientation|screenSize"
26-->src/main/AndroidManifest.xml:13:13-83
27            android:exported="true"
27-->src/main/AndroidManifest.xml:14:13-36
28            android:screenOrientation="portrait" >
28-->src/main/AndroidManifest.xml:12:13-49
29            <intent-filter>
29-->src/main/AndroidManifest.xml:15:13-18:29
30                <action android:name="android.intent.action.MAIN" />
30-->src/main/AndroidManifest.xml:16:17-69
30-->src/main/AndroidManifest.xml:16:25-66
31
32                <category android:name="android.intent.category.LAUNCHER" />
32-->src/main/AndroidManifest.xml:17:17-77
32-->src/main/AndroidManifest.xml:17:27-74
33            </intent-filter>
34        </activity>
35    </application>
36
37</manifest>